<!DOCTYPE html>

<html>
  <head>
  <meta charset='utf-8'>
  <title>TestNG reports</title>

    <link type="text/css" href="testng-reports1.css" rel="stylesheet" id="ultra" />
    <link type="text/css" href="testng-reports.css" rel="stylesheet" id="retro" disabled="false"/>
    <script type="text/javascript" src="jquery.min.js"></script>
    <script type="text/javascript" src="testng-reports.js"></script>
    <script type="text/javascript" src="https://www.google.com/jsapi"></script>
    <script type='text/javascript'>
      google.load('visualization', '1', {packages:['table']});
      google.setOnLoadCallback(drawTable);
      var suiteTableInitFunctions = new Array();
      var suiteTableData = new Array();
    </script>
    <!--
      <script type="text/javascript" src="jquery-ui/js/jquery-ui-1.8.16.custom.min.js"></script>
     -->
  </head>

  <body>
    <div class="top-banner-root">
      <span class="top-banner-title-font">Test results</span>
      <button id="button" class="button">Switch Retro Theme</button> <!-- button -->
      <br/>
      <span class="top-banner-font-1">1 suite, 3 failed tests</span>
    </div> <!-- top-banner-root -->
    <div class="navigator-root">
      <div class="navigator-suite-header">
        <span>All suites</span>
        <a href="#" title="Collapse/expand all the suites" class="collapse-all-link">
          <img src="collapseall.gif" class="collapse-all-icon">
          </img> <!-- collapse-all-icon -->
        </a> <!-- collapse-all-link -->
      </div> <!-- navigator-suite-header -->
      <div class="suite">
        <div class="rounded-window">
          <div class="suite-header light-rounded-window-top">
            <a href="#" panel-name="suite-Buggy_Cars_Portal_Tests" class="navigator-link">
              <span class="suite-name border-failed">Buggy Cars Portal Tests</span>
            </a> <!-- navigator-link -->
          </div> <!-- suite-header light-rounded-window-top -->
          <div class="navigator-suite-content">
            <div class="suite-section-title">
              <span>Info</span>
            </div> <!-- suite-section-title -->
            <div class="suite-section-content">
              <ul>
                <li>
                  <a href="#" panel-name="test-xml-Buggy_Cars_Portal_Tests" class="navigator-link ">
                    <span>testng.xml</span>
                  </a> <!-- navigator-link  -->
                </li>
                <li>
                  <a href="#" panel-name="testlist-Buggy_Cars_Portal_Tests" class="navigator-link ">
                    <span class="test-stats">8 tests</span>
                  </a> <!-- navigator-link  -->
                </li>
                <li>
                  <a href="#" panel-name="group-Buggy_Cars_Portal_Tests" class="navigator-link ">
                    <span>0 groups</span>
                  </a> <!-- navigator-link  -->
                </li>
                <li>
                  <a href="#" panel-name="times-Buggy_Cars_Portal_Tests" class="navigator-link ">
                    <span>Times</span>
                  </a> <!-- navigator-link  -->
                </li>
                <li>
                  <a href="#" panel-name="reporter-Buggy_Cars_Portal_Tests" class="navigator-link ">
                    <span>Reporter output</span>
                  </a> <!-- navigator-link  -->
                </li>
                <li>
                  <a href="#" panel-name="ignored-methods-Buggy_Cars_Portal_Tests" class="navigator-link ">
                    <span>Ignored methods</span>
                  </a> <!-- navigator-link  -->
                </li>
                <li>
                  <a href="#" panel-name="chronological-Buggy_Cars_Portal_Tests" class="navigator-link ">
                    <span>Chronological view</span>
                  </a> <!-- navigator-link  -->
                </li>
              </ul>
            </div> <!-- suite-section-content -->
            <div class="result-section">
              <div class="suite-section-title">
                <span>Results</span>
              </div> <!-- suite-section-title -->
              <div class="suite-section-content">
                <ul>
                  <li>
                    <span class="method-stats">17 methods, 3 failed,  9 skipped,  5 passed</span>
                  </li>
                  <li>
                    <span class="method-list-title failed">Failed methods</span>
                    <span class="show-or-hide-methods failed">
                      <a href="#" panel-name="suite-Buggy_Cars_Portal_Tests" class="hide-methods failed suite-Buggy_Cars_Portal_Tests"> (hide)</a> <!-- hide-methods failed suite-Buggy_Cars_Portal_Tests -->
                      <a href="#" panel-name="suite-Buggy_Cars_Portal_Tests" class="show-methods failed suite-Buggy_Cars_Portal_Tests"> (show)</a> <!-- show-methods failed suite-Buggy_Cars_Portal_Tests -->
                    </span>
                    <div class="method-list-content failed suite-Buggy_Cars_Portal_Tests">
                      <span>
                        <img src="failed.png" width="3%"/>
                        <a href="#" panel-name="suite-Buggy_Cars_Portal_Tests" title="com.buggy.car.portals.tests.BuggyCarRatingSortTest" class="method navigator-link" hash-for-method="test_valid_rank_sort">test_valid_rank_sort</a> <!-- method navigator-link -->
                      </span>
                      <br/>
                      <span>
                        <img src="failed.png" width="3%"/>
                        <a href="#" panel-name="suite-Buggy_Cars_Portal_Tests" title="com.buggy.car.portals.tests.BuggyCarsVoteTest" class="method navigator-link" hash-for-method="test_voting">test_voting</a> <!-- method navigator-link -->
                      </span>
                      <br/>
                      <span>
                        <img src="failed.png" width="3%"/>
                        <a href="#" panel-name="suite-Buggy_Cars_Portal_Tests" title="com.buggy.car.portals.tests.ProfileTest" class="method navigator-link" hash-for-method="test_voting">test_voting</a> <!-- method navigator-link -->
                      </span>
                      <br/>
                    </div> <!-- method-list-content failed suite-Buggy_Cars_Portal_Tests -->
                  </li>
                  <li>
                    <span class="method-list-title skipped">Skipped methods</span>
                    <span class="show-or-hide-methods skipped">
                      <a href="#" panel-name="suite-Buggy_Cars_Portal_Tests" class="hide-methods skipped suite-Buggy_Cars_Portal_Tests"> (hide)</a> <!-- hide-methods skipped suite-Buggy_Cars_Portal_Tests -->
                      <a href="#" panel-name="suite-Buggy_Cars_Portal_Tests" class="show-methods skipped suite-Buggy_Cars_Portal_Tests"> (show)</a> <!-- show-methods skipped suite-Buggy_Cars_Portal_Tests -->
                    </span>
                    <div class="method-list-content skipped suite-Buggy_Cars_Portal_Tests">
                      <span>
                        <img src="skipped.png" width="3%"/>
                        <a href="#" panel-name="suite-Buggy_Cars_Portal_Tests" title="com.buggy.car.portals.tests.LoginTest" class="method navigator-link" hash-for-method="test_blank_username">test_blank_username</a> <!-- method navigator-link -->
                      </span>
                      <br/>
                      <span>
                        <img src="skipped.png" width="3%"/>
                        <a href="#" panel-name="suite-Buggy_Cars_Portal_Tests" title="com.buggy.car.portals.tests.LoginTest" class="method navigator-link" hash-for-method="test_blank_username">test_blank_username</a> <!-- method navigator-link -->
                      </span>
                      <br/>
                      <span>
                        <img src="skipped.png" width="3%"/>
                        <a href="#" panel-name="suite-Buggy_Cars_Portal_Tests" title="com.buggy.car.portals.tests.LoginTest" class="method navigator-link" hash-for-method="test_invalid_password">test_invalid_password</a> <!-- method navigator-link -->
                      </span>
                      <br/>
                      <span>
                        <img src="skipped.png" width="3%"/>
                        <a href="#" panel-name="suite-Buggy_Cars_Portal_Tests" title="com.buggy.car.portals.tests.LoginTest" class="method navigator-link" hash-for-method="test_invalid_password">test_invalid_password</a> <!-- method navigator-link -->
                      </span>
                      <br/>
                      <span>
                        <img src="skipped.png" width="3%"/>
                        <a href="#" panel-name="suite-Buggy_Cars_Portal_Tests" title="com.buggy.car.portals.tests.LoginTest" class="method navigator-link" hash-for-method="test_invalid_username">test_invalid_username</a> <!-- method navigator-link -->
                      </span>
                      <br/>
                      <span>
                        <img src="skipped.png" width="3%"/>
                        <a href="#" panel-name="suite-Buggy_Cars_Portal_Tests" title="com.buggy.car.portals.tests.LoginTest" class="method navigator-link" hash-for-method="test_invalid_username">test_invalid_username</a> <!-- method navigator-link -->
                      </span>
                      <br/>
                      <span>
                        <img src="skipped.png" width="3%"/>
                        <a href="#" panel-name="suite-Buggy_Cars_Portal_Tests" title="com.buggy.car.portals.tests.LoginTest" class="method navigator-link" hash-for-method="test_valid_login">test_valid_login</a> <!-- method navigator-link -->
                      </span>
                      <br/>
                      <span>
                        <img src="skipped.png" width="3%"/>
                        <a href="#" panel-name="suite-Buggy_Cars_Portal_Tests" title="com.buggy.car.portals.tests.LoginTest" class="method navigator-link" hash-for-method="test_valid_login">test_valid_login</a> <!-- method navigator-link -->
                      </span>
                      <br/>
                      <span>
                        <img src="skipped.png" width="3%"/>
                        <a href="#" panel-name="suite-Buggy_Cars_Portal_Tests" title="com.buggy.car.portals.tests.RegisterTest" class="method navigator-link" hash-for-method="test_valid_register">test_valid_register</a> <!-- method navigator-link -->
                      </span>
                      <br/>
                    </div> <!-- method-list-content skipped suite-Buggy_Cars_Portal_Tests -->
                  </li>
                  <li>
                    <span class="method-list-title passed">Passed methods</span>
                    <span class="show-or-hide-methods passed">
                      <a href="#" panel-name="suite-Buggy_Cars_Portal_Tests" class="hide-methods passed suite-Buggy_Cars_Portal_Tests"> (hide)</a> <!-- hide-methods passed suite-Buggy_Cars_Portal_Tests -->
                      <a href="#" panel-name="suite-Buggy_Cars_Portal_Tests" class="show-methods passed suite-Buggy_Cars_Portal_Tests"> (show)</a> <!-- show-methods passed suite-Buggy_Cars_Portal_Tests -->
                    </span>
                    <div class="method-list-content passed suite-Buggy_Cars_Portal_Tests">
                      <span>
                        <img src="passed.png" width="3%"/>
                        <a href="#" panel-name="suite-Buggy_Cars_Portal_Tests" title="com.buggy.car.portals.tests.LoginTest" class="method navigator-link" hash-for-method="test_blank_username">test_blank_username</a> <!-- method navigator-link -->
                      </span>
                      <br/>
                      <span>
                        <img src="passed.png" width="3%"/>
                        <a href="#" panel-name="suite-Buggy_Cars_Portal_Tests" title="com.buggy.car.portals.tests.LoginTest" class="method navigator-link" hash-for-method="test_invalid_password">test_invalid_password</a> <!-- method navigator-link -->
                      </span>
                      <br/>
                      <span>
                        <img src="passed.png" width="3%"/>
                        <a href="#" panel-name="suite-Buggy_Cars_Portal_Tests" title="com.buggy.car.portals.tests.LoginTest" class="method navigator-link" hash-for-method="test_invalid_username">test_invalid_username</a> <!-- method navigator-link -->
                      </span>
                      <br/>
                      <span>
                        <img src="passed.png" width="3%"/>
                        <a href="#" panel-name="suite-Buggy_Cars_Portal_Tests" title="com.buggy.car.portals.tests.ParameterLoginTest" class="method navigator-link" hash-for-method="test_valid_login(midhunjose, P@ssw0rd1, username1,password1 username2,password2 username3,password3)">test_valid_login(midhunjose, P@ssw0rd1, username1,password1 username2,password2 username3,password3)</a> <!-- method navigator-link -->
                      </span>
                      <br/>
                      <span>
                        <img src="passed.png" width="3%"/>
                        <a href="#" panel-name="suite-Buggy_Cars_Portal_Tests" title="com.buggy.car.portals.tests.LoginTest" class="method navigator-link" hash-for-method="test_valid_login">test_valid_login</a> <!-- method navigator-link -->
                      </span>
                      <br/>
                    </div> <!-- method-list-content passed suite-Buggy_Cars_Portal_Tests -->
                  </li>
                </ul>
              </div> <!-- suite-section-content -->
            </div> <!-- result-section -->
          </div> <!-- navigator-suite-content -->
        </div> <!-- rounded-window -->
      </div> <!-- suite -->
    </div> <!-- navigator-root -->
    <div class="wrapper">
      <div class="main-panel-root">
        <div panel-name="suite-Buggy_Cars_Portal_Tests" class="panel Buggy_Cars_Portal_Tests">
          <div class="suite-Buggy_Cars_Portal_Tests-class-failed">
            <div class="main-panel-header rounded-window-top">
              <img src="failed.png"/>
              <span class="class-name">com.buggy.car.portals.tests.BuggyCarRatingSortTest</span>
            </div> <!-- main-panel-header rounded-window-top -->
            <div class="main-panel-content rounded-window-bottom">
              <div class="method">
                <div class="method-content">
                  <a name="test_valid_rank_sort">
                  </a> <!-- test_valid_rank_sort -->
                  <span class="method-name">test_valid_rank_sort</span>
                  <div class="stack-trace">java.lang.AssertionError: Sorting by rank did not sort correctly expected [true] but found [false]
	at com.buggy.car.portals.tests.BuggyCarRatingSortTest.test_valid_rank_sort(BuggyCarRatingSortTest.java:37)
	at java.base/java.util.ArrayList.forEach(ArrayList.java:1511)
	at com.intellij.rt.testng.IDEARemoteTestNG.run(IDEARemoteTestNG.java:66)
	at com.intellij.rt.testng.RemoteTestNGStarter.main(RemoteTestNGStarter.java:109)
... Removed 27 stack frames
</div> <!-- stack-trace -->
                </div> <!-- method-content -->
              </div> <!-- method -->
            </div> <!-- main-panel-content rounded-window-bottom -->
          </div> <!-- suite-Buggy_Cars_Portal_Tests-class-failed -->
          <div class="suite-Buggy_Cars_Portal_Tests-class-failed">
            <div class="main-panel-header rounded-window-top">
              <img src="failed.png"/>
              <span class="class-name">com.buggy.car.portals.tests.BuggyCarsVoteTest</span>
            </div> <!-- main-panel-header rounded-window-top -->
            <div class="main-panel-content rounded-window-bottom">
              <div class="method">
                <div class="method-content">
                  <a name="test_voting">
                  </a> <!-- test_voting -->
                  <span class="method-name">test_voting</span>
                  <div class="stack-trace">org.openqa.selenium.InvalidSelectorException: Compound class names not permitted
For documentation on this error, please visit: https://selenium.dev/exceptions/#invalid_selector_exception
Build info: version: &apos;4.1.2&apos;, revision: &apos;9a5a329c5a&apos;
System info: host: &apos;skodarapid.lan&apos;, ip: &apos;fdbd:fac3:4aa9:0:103f:5ffa:7bec:b2fb%en0&apos;, os.name: &apos;Mac OS X&apos;, os.arch: &apos;x86_64&apos;, os.version: &apos;10.16&apos;, java.version: &apos;15&apos;
Driver info: driver.version: unknown
	at org.openqa.selenium.By$ByClassName.&lt;init&gt;(By.java:310)
	at org.openqa.selenium.By.className(By.java:100)
	at org.openqa.selenium.support.AbstractFindByBuilder.buildByFromShortFindBy(AbstractFindByBuilder.java:43)
	at org.openqa.selenium.support.FindBy$FindByBuilder.buildIt(FindBy.java:85)
	at org.openqa.selenium.support.pagefactory.Annotations.buildBy(Annotations.java:79)
	at org.openqa.selenium.support.pagefactory.DefaultElementLocator.&lt;init&gt;(DefaultElementLocator.java:58)
	at org.openqa.selenium.support.pagefactory.DefaultElementLocator.&lt;init&gt;(DefaultElementLocator.java:46)
	at org.openqa.selenium.support.pagefactory.DefaultElementLocatorFactory.createLocator(DefaultElementLocatorFactory.java:33)
	at org.openqa.selenium.support.pagefactory.DefaultFieldDecorator.decorate(DefaultFieldDecorator.java:57)
	at org.openqa.selenium.support.PageFactory.proxyFields(PageFactory.java:111)
	at org.openqa.selenium.support.PageFactory.initElements(PageFactory.java:103)
	at org.openqa.selenium.support.PageFactory.initElements(PageFactory.java:90)
	at org.openqa.selenium.support.PageFactory.initElements(PageFactory.java:78)
	at com.buggy.car.portals.pages.RegisterPage.&lt;init&gt;(RegisterPage.java:36)
	at com.buggy.car.portals.tests.BuggyUtil.registerAndLogin(BuggyUtil.java:32)
	at com.buggy.car.portals.tests.BuggyCarsVoteTest.test_voting(BuggyCarsVoteTest.java:28)
	at java.base/java.util.ArrayList.forEach(ArrayList.java:1511)
	at com.intellij.rt.testng.IDEARemoteTestNG.run(IDEARemoteTestNG.java:66)
	at com.intellij.rt.testng.RemoteTestNGStarter.main(RemoteTestNGStarter.java:109)
... Removed 24 stack frames
</div> <!-- stack-trace -->
                </div> <!-- method-content -->
              </div> <!-- method -->
            </div> <!-- main-panel-content rounded-window-bottom -->
          </div> <!-- suite-Buggy_Cars_Portal_Tests-class-failed -->
          <div class="suite-Buggy_Cars_Portal_Tests-class-failed">
            <div class="main-panel-header rounded-window-top">
              <img src="failed.png"/>
              <span class="class-name">com.buggy.car.portals.tests.ProfileTest</span>
            </div> <!-- main-panel-header rounded-window-top -->
            <div class="main-panel-content rounded-window-bottom">
              <div class="method">
                <div class="method-content">
                  <a name="test_voting">
                  </a> <!-- test_voting -->
                  <span class="method-name">test_voting</span>
                  <div class="stack-trace">org.openqa.selenium.InvalidSelectorException: Compound class names not permitted
For documentation on this error, please visit: https://selenium.dev/exceptions/#invalid_selector_exception
Build info: version: &apos;4.1.2&apos;, revision: &apos;9a5a329c5a&apos;
System info: host: &apos;skodarapid.lan&apos;, ip: &apos;fdbd:fac3:4aa9:0:103f:5ffa:7bec:b2fb%en0&apos;, os.name: &apos;Mac OS X&apos;, os.arch: &apos;x86_64&apos;, os.version: &apos;10.16&apos;, java.version: &apos;15&apos;
Driver info: driver.version: unknown
	at org.openqa.selenium.By$ByClassName.&lt;init&gt;(By.java:310)
	at org.openqa.selenium.By.className(By.java:100)
	at org.openqa.selenium.support.AbstractFindByBuilder.buildByFromShortFindBy(AbstractFindByBuilder.java:43)
	at org.openqa.selenium.support.FindBy$FindByBuilder.buildIt(FindBy.java:85)
	at org.openqa.selenium.support.pagefactory.Annotations.buildBy(Annotations.java:79)
	at org.openqa.selenium.support.pagefactory.DefaultElementLocator.&lt;init&gt;(DefaultElementLocator.java:58)
	at org.openqa.selenium.support.pagefactory.DefaultElementLocator.&lt;init&gt;(DefaultElementLocator.java:46)
	at org.openqa.selenium.support.pagefactory.DefaultElementLocatorFactory.createLocator(DefaultElementLocatorFactory.java:33)
	at org.openqa.selenium.support.pagefactory.DefaultFieldDecorator.decorate(DefaultFieldDecorator.java:57)
	at org.openqa.selenium.support.PageFactory.proxyFields(PageFactory.java:111)
	at org.openqa.selenium.support.PageFactory.initElements(PageFactory.java:103)
	at org.openqa.selenium.support.PageFactory.initElements(PageFactory.java:90)
	at org.openqa.selenium.support.PageFactory.initElements(PageFactory.java:78)
	at com.buggy.car.portals.pages.RegisterPage.&lt;init&gt;(RegisterPage.java:36)
	at com.buggy.car.portals.tests.BuggyUtil.registerAndLogin(BuggyUtil.java:32)
	at com.buggy.car.portals.tests.ProfileTest.test_voting(ProfileTest.java:28)
	at java.base/java.util.ArrayList.forEach(ArrayList.java:1511)
	at com.intellij.rt.testng.IDEARemoteTestNG.run(IDEARemoteTestNG.java:66)
	at com.intellij.rt.testng.RemoteTestNGStarter.main(RemoteTestNGStarter.java:109)
... Removed 24 stack frames
</div> <!-- stack-trace -->
                </div> <!-- method-content -->
              </div> <!-- method -->
            </div> <!-- main-panel-content rounded-window-bottom -->
          </div> <!-- suite-Buggy_Cars_Portal_Tests-class-failed -->
          <div class="suite-Buggy_Cars_Portal_Tests-class-skipped">
            <div class="main-panel-header rounded-window-top">
              <img src="skipped.png"/>
              <span class="class-name">com.buggy.car.portals.tests.RegisterTest</span>
            </div> <!-- main-panel-header rounded-window-top -->
            <div class="main-panel-content rounded-window-bottom">
              <div class="method">
                <div class="method-content">
                  <a name="test_valid_register">
                  </a> <!-- test_valid_register -->
                  <span class="method-name">test_valid_register</span>
                  <div class="stack-trace">org.openqa.selenium.InvalidSelectorException: Compound class names not permitted
For documentation on this error, please visit: https://selenium.dev/exceptions/#invalid_selector_exception
Build info: version: &apos;4.1.2&apos;, revision: &apos;9a5a329c5a&apos;
System info: host: &apos;skodarapid.lan&apos;, ip: &apos;fdbd:fac3:4aa9:0:103f:5ffa:7bec:b2fb%en0&apos;, os.name: &apos;Mac OS X&apos;, os.arch: &apos;x86_64&apos;, os.version: &apos;10.16&apos;, java.version: &apos;15&apos;
Driver info: driver.version: unknown
	at org.openqa.selenium.By$ByClassName.&lt;init&gt;(By.java:310)
	at org.openqa.selenium.By.className(By.java:100)
	at org.openqa.selenium.support.AbstractFindByBuilder.buildByFromShortFindBy(AbstractFindByBuilder.java:43)
	at org.openqa.selenium.support.FindBy$FindByBuilder.buildIt(FindBy.java:85)
	at org.openqa.selenium.support.pagefactory.Annotations.buildBy(Annotations.java:79)
	at org.openqa.selenium.support.pagefactory.DefaultElementLocator.&lt;init&gt;(DefaultElementLocator.java:58)
	at org.openqa.selenium.support.pagefactory.DefaultElementLocator.&lt;init&gt;(DefaultElementLocator.java:46)
	at org.openqa.selenium.support.pagefactory.DefaultElementLocatorFactory.createLocator(DefaultElementLocatorFactory.java:33)
	at org.openqa.selenium.support.pagefactory.DefaultFieldDecorator.decorate(DefaultFieldDecorator.java:57)
	at org.openqa.selenium.support.PageFactory.proxyFields(PageFactory.java:111)
	at org.openqa.selenium.support.PageFactory.initElements(PageFactory.java:103)
	at org.openqa.selenium.support.PageFactory.initElements(PageFactory.java:90)
	at org.openqa.selenium.support.PageFactory.initElements(PageFactory.java:78)
	at com.buggy.car.portals.pages.RegisterPage.&lt;init&gt;(RegisterPage.java:36)
	at com.buggy.car.portals.tests.RegisterTest.setUp(RegisterTest.java:32)
	at java.base/java.util.ArrayList.forEach(ArrayList.java:1511)
	at com.intellij.rt.testng.IDEARemoteTestNG.run(IDEARemoteTestNG.java:66)
	at com.intellij.rt.testng.RemoteTestNGStarter.main(RemoteTestNGStarter.java:109)
... Removed 22 stack frames
</div> <!-- stack-trace -->
                </div> <!-- method-content -->
              </div> <!-- method -->
            </div> <!-- main-panel-content rounded-window-bottom -->
          </div> <!-- suite-Buggy_Cars_Portal_Tests-class-skipped -->
          <div class="suite-Buggy_Cars_Portal_Tests-class-skipped">
            <div class="main-panel-header rounded-window-top">
              <img src="skipped.png"/>
              <span class="class-name">com.buggy.car.portals.tests.LoginTest</span>
            </div> <!-- main-panel-header rounded-window-top -->
            <div class="main-panel-content rounded-window-bottom">
              <div class="method">
                <div class="method-content">
                  <a name="test_blank_username">
                  </a> <!-- test_blank_username -->
                  <span class="method-name">test_blank_username</span>
                  <div class="stack-trace">org.testng.TestNGException: 
Parameter &apos;browserType&apos; is required by BeforeTest on method setBrowser but has not been marked @Optional or defined
in /Users/midhunjose/WPProject/BuggyCarsPortal/testng.xml
	at com.intellij.rt.testng.IDEARemoteTestNG.run(IDEARemoteTestNG.java:66)
	at com.intellij.rt.testng.RemoteTestNGStarter.main(RemoteTestNGStarter.java:109)
... Removed 18 stack frames
</div> <!-- stack-trace -->
                </div> <!-- method-content -->
              </div> <!-- method -->
              <div class="method">
                <div class="method-content">
                  <a name="test_blank_username">
                  </a> <!-- test_blank_username -->
                  <span class="method-name">test_blank_username</span>
                  <div class="stack-trace">java.lang.IllegalStateException: The path to the driver executable The path to the driver executable must be set by the webdriver.gecko.driver system property; for more information, see https://github.com/mozilla/geckodriver. The latest version can be downloaded from https://github.com/mozilla/geckodriver/releases
	at org.openqa.selenium.internal.Require$StateChecker.nonNull(Require.java:311)
	at org.openqa.selenium.remote.service.DriverService.findExecutable(DriverService.java:135)
	at org.openqa.selenium.firefox.GeckoDriverService.access$100(GeckoDriverService.java:44)
	at org.openqa.selenium.firefox.GeckoDriverService$Builder.findDefaultExecutable(GeckoDriverService.java:185)
	at org.openqa.selenium.remote.service.DriverService$Builder.build(DriverService.java:437)
	at org.openqa.selenium.firefox.FirefoxDriver.toExecutor(FirefoxDriver.java:176)
	at org.openqa.selenium.firefox.FirefoxDriver.&lt;init&gt;(FirefoxDriver.java:125)
	at org.openqa.selenium.firefox.FirefoxDriver.&lt;init&gt;(FirefoxDriver.java:106)
	at com.buggy.car.portals.tests.LoginTest.setBrowser(LoginTest.java:45)
	at com.intellij.rt.testng.IDEARemoteTestNG.run(IDEARemoteTestNG.java:66)
	at com.intellij.rt.testng.RemoteTestNGStarter.main(RemoteTestNGStarter.java:109)
... Removed 21 stack frames
</div> <!-- stack-trace -->
                </div> <!-- method-content -->
              </div> <!-- method -->
              <div class="method">
                <div class="method-content">
                  <a name="test_invalid_password">
                  </a> <!-- test_invalid_password -->
                  <span class="method-name">test_invalid_password</span>
                  <div class="stack-trace">org.testng.TestNGException: 
Parameter &apos;browserType&apos; is required by BeforeTest on method setBrowser but has not been marked @Optional or defined
in /Users/midhunjose/WPProject/BuggyCarsPortal/testng.xml
	at com.intellij.rt.testng.IDEARemoteTestNG.run(IDEARemoteTestNG.java:66)
	at com.intellij.rt.testng.RemoteTestNGStarter.main(RemoteTestNGStarter.java:109)
... Removed 18 stack frames
</div> <!-- stack-trace -->
                </div> <!-- method-content -->
              </div> <!-- method -->
              <div class="method">
                <div class="method-content">
                  <a name="test_invalid_password">
                  </a> <!-- test_invalid_password -->
                  <span class="method-name">test_invalid_password</span>
                  <div class="stack-trace">java.lang.IllegalStateException: The path to the driver executable The path to the driver executable must be set by the webdriver.gecko.driver system property; for more information, see https://github.com/mozilla/geckodriver. The latest version can be downloaded from https://github.com/mozilla/geckodriver/releases
	at org.openqa.selenium.internal.Require$StateChecker.nonNull(Require.java:311)
	at org.openqa.selenium.remote.service.DriverService.findExecutable(DriverService.java:135)
	at org.openqa.selenium.firefox.GeckoDriverService.access$100(GeckoDriverService.java:44)
	at org.openqa.selenium.firefox.GeckoDriverService$Builder.findDefaultExecutable(GeckoDriverService.java:185)
	at org.openqa.selenium.remote.service.DriverService$Builder.build(DriverService.java:437)
	at org.openqa.selenium.firefox.FirefoxDriver.toExecutor(FirefoxDriver.java:176)
	at org.openqa.selenium.firefox.FirefoxDriver.&lt;init&gt;(FirefoxDriver.java:125)
	at org.openqa.selenium.firefox.FirefoxDriver.&lt;init&gt;(FirefoxDriver.java:106)
	at com.buggy.car.portals.tests.LoginTest.setBrowser(LoginTest.java:45)
	at com.intellij.rt.testng.IDEARemoteTestNG.run(IDEARemoteTestNG.java:66)
	at com.intellij.rt.testng.RemoteTestNGStarter.main(RemoteTestNGStarter.java:109)
... Removed 21 stack frames
</div> <!-- stack-trace -->
                </div> <!-- method-content -->
              </div> <!-- method -->
              <div class="method">
                <div class="method-content">
                  <a name="test_invalid_username">
                  </a> <!-- test_invalid_username -->
                  <span class="method-name">test_invalid_username</span>
                  <div class="stack-trace">org.testng.TestNGException: 
Parameter &apos;browserType&apos; is required by BeforeTest on method setBrowser but has not been marked @Optional or defined
in /Users/midhunjose/WPProject/BuggyCarsPortal/testng.xml
	at com.intellij.rt.testng.IDEARemoteTestNG.run(IDEARemoteTestNG.java:66)
	at com.intellij.rt.testng.RemoteTestNGStarter.main(RemoteTestNGStarter.java:109)
... Removed 18 stack frames
</div> <!-- stack-trace -->
                </div> <!-- method-content -->
              </div> <!-- method -->
              <div class="method">
                <div class="method-content">
                  <a name="test_invalid_username">
                  </a> <!-- test_invalid_username -->
                  <span class="method-name">test_invalid_username</span>
                  <div class="stack-trace">java.lang.IllegalStateException: The path to the driver executable The path to the driver executable must be set by the webdriver.gecko.driver system property; for more information, see https://github.com/mozilla/geckodriver. The latest version can be downloaded from https://github.com/mozilla/geckodriver/releases
	at org.openqa.selenium.internal.Require$StateChecker.nonNull(Require.java:311)
	at org.openqa.selenium.remote.service.DriverService.findExecutable(DriverService.java:135)
	at org.openqa.selenium.firefox.GeckoDriverService.access$100(GeckoDriverService.java:44)
	at org.openqa.selenium.firefox.GeckoDriverService$Builder.findDefaultExecutable(GeckoDriverService.java:185)
	at org.openqa.selenium.remote.service.DriverService$Builder.build(DriverService.java:437)
	at org.openqa.selenium.firefox.FirefoxDriver.toExecutor(FirefoxDriver.java:176)
	at org.openqa.selenium.firefox.FirefoxDriver.&lt;init&gt;(FirefoxDriver.java:125)
	at org.openqa.selenium.firefox.FirefoxDriver.&lt;init&gt;(FirefoxDriver.java:106)
	at com.buggy.car.portals.tests.LoginTest.setBrowser(LoginTest.java:45)
	at com.intellij.rt.testng.IDEARemoteTestNG.run(IDEARemoteTestNG.java:66)
	at com.intellij.rt.testng.RemoteTestNGStarter.main(RemoteTestNGStarter.java:109)
... Removed 21 stack frames
</div> <!-- stack-trace -->
                </div> <!-- method-content -->
              </div> <!-- method -->
              <div class="method">
                <div class="method-content">
                  <a name="test_valid_login">
                  </a> <!-- test_valid_login -->
                  <span class="method-name">test_valid_login</span>
                  <div class="stack-trace">org.testng.TestNGException: 
Parameter &apos;browserType&apos; is required by BeforeTest on method setBrowser but has not been marked @Optional or defined
in /Users/midhunjose/WPProject/BuggyCarsPortal/testng.xml
	at com.intellij.rt.testng.IDEARemoteTestNG.run(IDEARemoteTestNG.java:66)
	at com.intellij.rt.testng.RemoteTestNGStarter.main(RemoteTestNGStarter.java:109)
... Removed 18 stack frames
</div> <!-- stack-trace -->
                </div> <!-- method-content -->
              </div> <!-- method -->
              <div class="method">
                <div class="method-content">
                  <a name="test_valid_login">
                  </a> <!-- test_valid_login -->
                  <span class="method-name">test_valid_login</span>
                  <div class="stack-trace">java.lang.IllegalStateException: The path to the driver executable The path to the driver executable must be set by the webdriver.gecko.driver system property; for more information, see https://github.com/mozilla/geckodriver. The latest version can be downloaded from https://github.com/mozilla/geckodriver/releases
	at org.openqa.selenium.internal.Require$StateChecker.nonNull(Require.java:311)
	at org.openqa.selenium.remote.service.DriverService.findExecutable(DriverService.java:135)
	at org.openqa.selenium.firefox.GeckoDriverService.access$100(GeckoDriverService.java:44)
	at org.openqa.selenium.firefox.GeckoDriverService$Builder.findDefaultExecutable(GeckoDriverService.java:185)
	at org.openqa.selenium.remote.service.DriverService$Builder.build(DriverService.java:437)
	at org.openqa.selenium.firefox.FirefoxDriver.toExecutor(FirefoxDriver.java:176)
	at org.openqa.selenium.firefox.FirefoxDriver.&lt;init&gt;(FirefoxDriver.java:125)
	at org.openqa.selenium.firefox.FirefoxDriver.&lt;init&gt;(FirefoxDriver.java:106)
	at com.buggy.car.portals.tests.LoginTest.setBrowser(LoginTest.java:45)
	at com.intellij.rt.testng.IDEARemoteTestNG.run(IDEARemoteTestNG.java:66)
	at com.intellij.rt.testng.RemoteTestNGStarter.main(RemoteTestNGStarter.java:109)
... Removed 21 stack frames
</div> <!-- stack-trace -->
                </div> <!-- method-content -->
              </div> <!-- method -->
            </div> <!-- main-panel-content rounded-window-bottom -->
          </div> <!-- suite-Buggy_Cars_Portal_Tests-class-skipped -->
          <div class="suite-Buggy_Cars_Portal_Tests-class-passed">
            <div class="main-panel-header rounded-window-top">
              <img src="passed.png"/>
              <span class="class-name">com.buggy.car.portals.tests.LoginTest</span>
            </div> <!-- main-panel-header rounded-window-top -->
            <div class="main-panel-content rounded-window-bottom">
              <div class="method">
                <div class="method-content">
                  <a name="test_blank_username">
                  </a> <!-- test_blank_username -->
                  <span class="method-name">test_blank_username</span>
                </div> <!-- method-content -->
              </div> <!-- method -->
              <div class="method">
                <div class="method-content">
                  <a name="test_invalid_password">
                  </a> <!-- test_invalid_password -->
                  <span class="method-name">test_invalid_password</span>
                </div> <!-- method-content -->
              </div> <!-- method -->
              <div class="method">
                <div class="method-content">
                  <a name="test_invalid_username">
                  </a> <!-- test_invalid_username -->
                  <span class="method-name">test_invalid_username</span>
                </div> <!-- method-content -->
              </div> <!-- method -->
              <div class="method">
                <div class="method-content">
                  <a name="test_valid_login">
                  </a> <!-- test_valid_login -->
                  <span class="method-name">test_valid_login</span>
                </div> <!-- method-content -->
              </div> <!-- method -->
            </div> <!-- main-panel-content rounded-window-bottom -->
          </div> <!-- suite-Buggy_Cars_Portal_Tests-class-passed -->
          <div class="suite-Buggy_Cars_Portal_Tests-class-passed">
            <div class="main-panel-header rounded-window-top">
              <img src="passed.png"/>
              <span class="class-name">com.buggy.car.portals.tests.ParameterLoginTest</span>
            </div> <!-- main-panel-header rounded-window-top -->
            <div class="main-panel-content rounded-window-bottom">
              <div class="method">
                <div class="method-content">
                  <a name="test_valid_login(midhunjose, P@ssw0rd1, username1,password1 username2,password2 username3,password3)">
                  </a> <!-- test_valid_login(midhunjose, P@ssw0rd1, username1,password1 username2,password2 username3,password3) -->
                  <span class="method-name">test_valid_login</span>
                  <span class="parameters">(midhunjose, P@ssw0rd1, username1,password1 username2,password2 username3,password3)</span>
                </div> <!-- method-content -->
              </div> <!-- method -->
            </div> <!-- main-panel-content rounded-window-bottom -->
          </div> <!-- suite-Buggy_Cars_Portal_Tests-class-passed -->
        </div> <!-- panel Buggy_Cars_Portal_Tests -->
        <div panel-name="test-xml-Buggy_Cars_Portal_Tests" class="panel">
          <div class="main-panel-header rounded-window-top">
            <span class="header-content">/Users/midhunjose/WPProject/BuggyCarsPortal/testng.xml</span>
          </div> <!-- main-panel-header rounded-window-top -->
          <div class="main-panel-content rounded-window-bottom">
            <pre>
&lt;?xml version=&quot;1.0&quot; encoding=&quot;UTF-8&quot;?&gt;
&lt;!DOCTYPE suite SYSTEM &quot;https://testng.org/testng-1.0.dtd&quot;&gt;
&lt;suite name=&quot;Buggy Cars Portal Tests&quot; guice-stage=&quot;DEVELOPMENT&quot;&gt;
  &lt;test thread-count=&quot;5&quot; name=&quot;Buggy Cars Parameter Login Tests&quot;&gt;
    &lt;parameter name=&quot;password&quot; value=&quot;P@ssw0rd1&quot;/&gt;
    &lt;parameter name=&quot;users&quot; value=&quot;username1,password1 username2,password2 username3,password3&quot;/&gt;
    &lt;parameter name=&quot;username&quot; value=&quot;midhunjose&quot;/&gt;
    &lt;classes&gt;
      &lt;class name=&quot;com.buggy.car.portals.tests.ParameterLoginTest&quot;/&gt;
    &lt;/classes&gt;
  &lt;/test&gt; &lt;!-- Buggy Cars Parameter Login Tests --&gt;
  &lt;test thread-count=&quot;5&quot; name=&quot;Buggy Cars Login Tests&quot;&gt;
    &lt;classes&gt;
      &lt;class name=&quot;com.buggy.car.portals.tests.LoginTest&quot;/&gt;
    &lt;/classes&gt;
  &lt;/test&gt; &lt;!-- Buggy Cars Login Tests --&gt;
  &lt;test thread-count=&quot;5&quot; name=&quot;Buggy Cars Register Tests&quot;&gt;
    &lt;classes&gt;
      &lt;class name=&quot;com.buggy.car.portals.tests.RegisterTest&quot;/&gt;
    &lt;/classes&gt;
  &lt;/test&gt; &lt;!-- Buggy Cars Register Tests --&gt;
  &lt;test thread-count=&quot;5&quot; name=&quot;Buggy Cars Vote Tests&quot;&gt;
    &lt;classes&gt;
      &lt;class name=&quot;com.buggy.car.portals.tests.BuggyCarsVoteTest&quot;/&gt;
    &lt;/classes&gt;
  &lt;/test&gt; &lt;!-- Buggy Cars Vote Tests --&gt;
  &lt;test thread-count=&quot;5&quot; name=&quot;Buggy Cars Sort Tests&quot;&gt;
    &lt;classes&gt;
      &lt;class name=&quot;com.buggy.car.portals.tests.BuggyCarRatingSortTest&quot;/&gt;
    &lt;/classes&gt;
  &lt;/test&gt; &lt;!-- Buggy Cars Sort Tests --&gt;
  &lt;test thread-count=&quot;5&quot; name=&quot;Buggy Cars Profile Logout Tests&quot;&gt;
    &lt;classes&gt;
      &lt;class name=&quot;com.buggy.car.portals.tests.ProfileTest&quot;/&gt;
    &lt;/classes&gt;
  &lt;/test&gt; &lt;!-- Buggy Cars Profile Logout Tests --&gt;
  &lt;test thread-count=&quot;5&quot; name=&quot;Test Firefox&quot;&gt;
    &lt;parameter name=&quot;browserType&quot; value=&quot;Firefox&quot;/&gt;
    &lt;classes&gt;
      &lt;class name=&quot;com.buggy.car.portals.tests.LoginTest&quot;/&gt;
    &lt;/classes&gt;
  &lt;/test&gt; &lt;!-- Test Firefox --&gt;
  &lt;test thread-count=&quot;5&quot; name=&quot;Test Chrome&quot;&gt;
    &lt;parameter name=&quot;browserType&quot; value=&quot;Chrome&quot;/&gt;
    &lt;classes&gt;
      &lt;class name=&quot;com.buggy.car.portals.tests.LoginTest&quot;/&gt;
    &lt;/classes&gt;
  &lt;/test&gt; &lt;!-- Test Chrome --&gt;
&lt;/suite&gt; &lt;!-- Buggy Cars Portal Tests --&gt;
            </pre>
          </div> <!-- main-panel-content rounded-window-bottom -->
        </div> <!-- panel -->
        <div panel-name="testlist-Buggy_Cars_Portal_Tests" class="panel">
          <div class="main-panel-header rounded-window-top">
            <span class="header-content">Tests for Buggy Cars Portal Tests</span>
          </div> <!-- main-panel-header rounded-window-top -->
          <div class="main-panel-content rounded-window-bottom">
            <ul>
              <li>
                <span class="test-name">Buggy Cars Parameter Login Tests (1 class)</span>
              </li>
              <li>
                <span class="test-name">Buggy Cars Login Tests (1 class)</span>
              </li>
              <li>
                <span class="test-name">Buggy Cars Register Tests (1 class)</span>
              </li>
              <li>
                <span class="test-name">Buggy Cars Vote Tests (1 class)</span>
              </li>
              <li>
                <span class="test-name">Buggy Cars Sort Tests (1 class)</span>
              </li>
              <li>
                <span class="test-name">Buggy Cars Profile Logout Tests (1 class)</span>
              </li>
              <li>
                <span class="test-name">Test Firefox (1 class)</span>
              </li>
              <li>
                <span class="test-name">Test Chrome (1 class)</span>
              </li>
            </ul>
          </div> <!-- main-panel-content rounded-window-bottom -->
        </div> <!-- panel -->
        <div panel-name="group-Buggy_Cars_Portal_Tests" class="panel">
          <div class="main-panel-header rounded-window-top">
            <span class="header-content">Groups for Buggy Cars Portal Tests</span>
          </div> <!-- main-panel-header rounded-window-top -->
          <div class="main-panel-content rounded-window-bottom">
          </div> <!-- main-panel-content rounded-window-bottom -->
        </div> <!-- panel -->
        <div panel-name="times-Buggy_Cars_Portal_Tests" class="panel">
          <div class="main-panel-header rounded-window-top">
            <span class="header-content">Times for Buggy Cars Portal Tests</span>
          </div> <!-- main-panel-header rounded-window-top -->
          <div class="main-panel-content rounded-window-bottom">
            <div class="times-div">
              <script type="text/javascript">
suiteTableInitFunctions.push('tableData_Buggy_Cars_Portal_Tests');
function tableData_Buggy_Cars_Portal_Tests() {
var data = new google.visualization.DataTable();
data.addColumn('number', 'Number');
data.addColumn('string', 'Method');
data.addColumn('string', 'Class');
data.addColumn('number', 'Time (ms)');
data.addRows(17);
data.setCell(0, 0, 0)
data.setCell(0, 1, 'test_valid_rank_sort')
data.setCell(0, 2, 'com.buggy.car.portals.tests.BuggyCarRatingSortTest')
data.setCell(0, 3, 6178);
data.setCell(1, 0, 1)
data.setCell(1, 1, 'test_valid_login')
data.setCell(1, 2, 'com.buggy.car.portals.tests.ParameterLoginTest')
data.setCell(1, 3, 2446);
data.setCell(2, 0, 2)
data.setCell(2, 1, 'test_valid_login')
data.setCell(2, 2, 'com.buggy.car.portals.tests.LoginTest')
data.setCell(2, 3, 1191);
data.setCell(3, 0, 3)
data.setCell(3, 1, 'test_invalid_password')
data.setCell(3, 2, 'com.buggy.car.portals.tests.LoginTest')
data.setCell(3, 3, 513);
data.setCell(4, 0, 4)
data.setCell(4, 1, 'test_blank_username')
data.setCell(4, 2, 'com.buggy.car.portals.tests.LoginTest')
data.setCell(4, 3, 294);
data.setCell(5, 0, 5)
data.setCell(5, 1, 'test_voting')
data.setCell(5, 2, 'com.buggy.car.portals.tests.ProfileTest')
data.setCell(5, 3, 277);
data.setCell(6, 0, 6)
data.setCell(6, 1, 'test_invalid_username')
data.setCell(6, 2, 'com.buggy.car.portals.tests.LoginTest')
data.setCell(6, 3, 267);
data.setCell(7, 0, 7)
data.setCell(7, 1, 'test_voting')
data.setCell(7, 2, 'com.buggy.car.portals.tests.BuggyCarsVoteTest')
data.setCell(7, 3, 111);
data.setCell(8, 0, 8)
data.setCell(8, 1, 'test_invalid_username')
data.setCell(8, 2, 'com.buggy.car.portals.tests.LoginTest')
data.setCell(8, 3, 0);
data.setCell(9, 0, 9)
data.setCell(9, 1, 'test_valid_login')
data.setCell(9, 2, 'com.buggy.car.portals.tests.LoginTest')
data.setCell(9, 3, 0);
data.setCell(10, 0, 10)
data.setCell(10, 1, 'test_invalid_password')
data.setCell(10, 2, 'com.buggy.car.portals.tests.LoginTest')
data.setCell(10, 3, 0);
data.setCell(11, 0, 11)
data.setCell(11, 1, 'test_blank_username')
data.setCell(11, 2, 'com.buggy.car.portals.tests.LoginTest')
data.setCell(11, 3, 0);
data.setCell(12, 0, 12)
data.setCell(12, 1, 'test_valid_register')
data.setCell(12, 2, 'com.buggy.car.portals.tests.RegisterTest')
data.setCell(12, 3, 0);
data.setCell(13, 0, 13)
data.setCell(13, 1, 'test_blank_username')
data.setCell(13, 2, 'com.buggy.car.portals.tests.LoginTest')
data.setCell(13, 3, 0);
data.setCell(14, 0, 14)
data.setCell(14, 1, 'test_valid_login')
data.setCell(14, 2, 'com.buggy.car.portals.tests.LoginTest')
data.setCell(14, 3, 0);
data.setCell(15, 0, 15)
data.setCell(15, 1, 'test_invalid_password')
data.setCell(15, 2, 'com.buggy.car.portals.tests.LoginTest')
data.setCell(15, 3, 0);
data.setCell(16, 0, 16)
data.setCell(16, 1, 'test_invalid_username')
data.setCell(16, 2, 'com.buggy.car.portals.tests.LoginTest')
data.setCell(16, 3, 0);
window.suiteTableData['Buggy_Cars_Portal_Tests']= { tableData: data, tableDiv: 'times-div-Buggy_Cars_Portal_Tests'}
return data;
}
              </script>
              <span class="suite-total-time">Total running time: 11 seconds</span>
              <div id="times-div-Buggy_Cars_Portal_Tests">
              </div> <!-- times-div-Buggy_Cars_Portal_Tests -->
            </div> <!-- times-div -->
          </div> <!-- main-panel-content rounded-window-bottom -->
        </div> <!-- panel -->
        <div panel-name="reporter-Buggy_Cars_Portal_Tests" class="panel">
          <div class="main-panel-header rounded-window-top">
            <span class="header-content">Reporter output for Buggy Cars Portal Tests</span>
          </div> <!-- main-panel-header rounded-window-top -->
          <div class="main-panel-content rounded-window-bottom">
            <div class="reporter-method-div">
              <span class="reporter-method-name">test_valid_login(midhunjose, P@ssw0rd1, username1,password1 username2,password2 username3,password3)</span>
              <div class="reporter-method-output-div">
                <span class="reporter-method-output">Login Failure</span>
                <span class="reporter-method-output">username1password1</span>
                <span class="reporter-method-output">Login Failure</span>
                <span class="reporter-method-output">username2password2</span>
                <span class="reporter-method-output">Login Failure</span>
                <span class="reporter-method-output">username3password3</span>
              </div> <!-- reporter-method-output-div -->
            </div> <!-- reporter-method-div -->
            <div class="reporter-method-div">
              <span class="reporter-method-name">test_valid_login</span>
              <div class="reporter-method-output-div">
                <span class="reporter-method-output">Login Success</span>
              </div> <!-- reporter-method-output-div -->
            </div> <!-- reporter-method-div -->
          </div> <!-- main-panel-content rounded-window-bottom -->
        </div> <!-- panel -->
        <div panel-name="ignored-methods-Buggy_Cars_Portal_Tests" class="panel">
          <div class="main-panel-header rounded-window-top">
            <span class="header-content">0 ignored methods</span>
          </div> <!-- main-panel-header rounded-window-top -->
          <div class="main-panel-content rounded-window-bottom">
          </div> <!-- main-panel-content rounded-window-bottom -->
        </div> <!-- panel -->
        <div panel-name="chronological-Buggy_Cars_Portal_Tests" class="panel">
          <div class="main-panel-header rounded-window-top">
            <span class="header-content">Methods in chronological order</span>
          </div> <!-- main-panel-header rounded-window-top -->
          <div class="main-panel-content rounded-window-bottom">
            <div class="chronological-class">
              <div class="chronological-class-name">com.buggy.car.portals.tests.ParameterLoginTest</div> <!-- chronological-class-name -->
              <div class="configuration-class before">
                <span class="method-name">setUp</span>
                <span class="method-start">0 ms</span>
              </div> <!-- configuration-class before -->
              <div class="test-method">
                <span class="method-name">test_valid_login(midhunjose, P@ssw0rd1, username1,password1 username2,password2 username3,password3)</span>
                <span class="method-start">4056 ms</span>
              </div> <!-- test-method -->
              <div class="configuration-class after">
                <span class="method-name">tearDown</span>
                <span class="method-start">6504 ms</span>
              </div> <!-- configuration-class after -->
            </div> <!-- chronological-class -->
            <div class="chronological-class">
              <div class="chronological-class-name">com.buggy.car.portals.tests.LoginTest</div> <!-- chronological-class-name -->
              <div class="configuration-class before">
                <span class="method-name">setUp</span>
                <span class="method-start">6637 ms</span>
              </div> <!-- configuration-class before -->
              <div class="test-method">
                <span class="method-name">test_blank_username</span>
                <span class="method-start">6638 ms</span>
              </div> <!-- test-method -->
              <div class="test-method">
                <span class="method-name">test_invalid_username</span>
                <span class="method-start">6639 ms</span>
              </div> <!-- test-method -->
              <div class="test-method">
                <span class="method-name">test_invalid_password</span>
                <span class="method-start">6639 ms</span>
              </div> <!-- test-method -->
              <div class="configuration-class after">
                <span class="method-name">tearDown</span>
                <span class="method-start">6640 ms</span>
              </div> <!-- configuration-class after -->
              <div class="test-method">
                <span class="method-name">test_valid_login</span>
                <span class="method-start">6640 ms</span>
              </div> <!-- test-method -->
            </div> <!-- chronological-class -->
            <div class="chronological-class">
              <div class="chronological-class-name">com.buggy.car.portals.tests.RegisterTest</div> <!-- chronological-class-name -->
              <div class="configuration-class before">
                <img src="failed.png">
                </img>
                <span class="method-name">setUp</span>
                <span class="method-start">6647 ms</span>
              </div> <!-- configuration-class before -->
              <div class="test-method">
                <span class="method-name">test_valid_register</span>
                <span class="method-start">8687 ms</span>
              </div> <!-- test-method -->
              <div class="configuration-class after">
                <span class="method-name">tearDown</span>
                <span class="method-start">8688 ms</span>
              </div> <!-- configuration-class after -->
            </div> <!-- chronological-class -->
            <div class="chronological-class">
              <div class="chronological-class-name">com.buggy.car.portals.tests.BuggyCarsVoteTest</div> <!-- chronological-class-name -->
              <div class="configuration-class before">
                <span class="method-name">setUp</span>
                <span class="method-start">8694 ms</span>
              </div> <!-- configuration-class before -->
              <div class="test-method">
                <img src="failed.png">
                </img>
                <span class="method-name">test_voting</span>
                <span class="method-start">10331 ms</span>
              </div> <!-- test-method -->
              <div class="configuration-class after">
                <span class="method-name">tearDown</span>
                <span class="method-start">10443 ms</span>
              </div> <!-- configuration-class after -->
            </div> <!-- chronological-class -->
            <div class="chronological-class">
              <div class="chronological-class-name">com.buggy.car.portals.tests.BuggyCarRatingSortTest</div> <!-- chronological-class-name -->
              <div class="configuration-class before">
                <span class="method-name">setUp</span>
                <span class="method-start">10974 ms</span>
              </div> <!-- configuration-class before -->
              <div class="test-method">
                <img src="failed.png">
                </img>
                <span class="method-name">test_valid_rank_sort</span>
                <span class="method-start">12750 ms</span>
              </div> <!-- test-method -->
              <div class="configuration-class after">
                <span class="method-name">tearDown</span>
                <span class="method-start">18929 ms</span>
              </div> <!-- configuration-class after -->
            </div> <!-- chronological-class -->
            <div class="chronological-class">
              <div class="chronological-class-name">com.buggy.car.portals.tests.ProfileTest</div> <!-- chronological-class-name -->
              <div class="configuration-class before">
                <span class="method-name">setUp</span>
                <span class="method-start">19111 ms</span>
              </div> <!-- configuration-class before -->
              <div class="test-method">
                <img src="failed.png">
                </img>
                <span class="method-name">test_voting</span>
                <span class="method-start">20733 ms</span>
              </div> <!-- test-method -->
              <div class="configuration-class after">
                <span class="method-name">tearDown</span>
                <span class="method-start">21012 ms</span>
              </div> <!-- configuration-class after -->
            </div> <!-- chronological-class -->
            <div class="chronological-class">
              <div class="chronological-class-name">com.buggy.car.portals.tests.LoginTest</div> <!-- chronological-class-name -->
              <div class="configuration-test before">
                <img src="failed.png">
                </img>
                <span class="method-name">setBrowser(Firefox)</span>
                <span class="method-start">21174 ms</span>
              </div> <!-- configuration-test before -->
              <div class="test-method">
                <span class="method-name">test_blank_username</span>
                <span class="method-start">21188 ms</span>
              </div> <!-- test-method -->
              <div class="configuration-class before">
                <span class="method-name">setUp</span>
                <span class="method-start">21188 ms</span>
              </div> <!-- configuration-class before -->
              <div class="test-method">
                <span class="method-name">test_invalid_password</span>
                <span class="method-start">21189 ms</span>
              </div> <!-- test-method -->
              <div class="test-method">
                <span class="method-name">test_invalid_username</span>
                <span class="method-start">21189 ms</span>
              </div> <!-- test-method -->
              <div class="configuration-class after">
                <span class="method-name">tearDown</span>
                <span class="method-start">21190 ms</span>
              </div> <!-- configuration-class after -->
              <div class="test-method">
                <span class="method-name">test_valid_login</span>
                <span class="method-start">21190 ms</span>
              </div> <!-- test-method -->
              <div class="configuration-test before">
                <span class="method-name">setBrowser(Chrome)</span>
                <span class="method-start">21199 ms</span>
              </div> <!-- configuration-test before -->
              <div class="configuration-class before">
                <span class="method-name">setUp</span>
                <span class="method-start">22489 ms</span>
              </div> <!-- configuration-class before -->
              <div class="test-method">
                <span class="method-name">test_blank_username</span>
                <span class="method-start">25064 ms</span>
              </div> <!-- test-method -->
              <div class="test-method">
                <span class="method-name">test_invalid_password</span>
                <span class="method-start">25359 ms</span>
              </div> <!-- test-method -->
              <div class="test-method">
                <span class="method-name">test_invalid_username</span>
                <span class="method-start">25873 ms</span>
              </div> <!-- test-method -->
              <div class="test-method">
                <span class="method-name">test_valid_login</span>
                <span class="method-start">26140 ms</span>
              </div> <!-- test-method -->
              <div class="configuration-class after">
                <span class="method-name">tearDown</span>
                <span class="method-start">27332 ms</span>
              </div> <!-- configuration-class after -->
          </div> <!-- main-panel-content rounded-window-bottom -->
        </div> <!-- panel -->
      </div> <!-- main-panel-root -->
    </div> <!-- wrapper -->
  </body>
<script type="text/javascript" src="testng-reports2.js"></script>
</html>
